<?xml version="1.0" encoding="UTF-8"?>
<!-- Generated by org.testng.reporters.JUnitXMLReporter -->
<testsuite hostname="unitrust-PC" ignored="0" name="Default test" tests="2" failures="0" timestamp="07 九月 2018 00:59:34 GMT" time="65.759" errors="0">
  <testcase name="openAndCloseObtainPictureEvidencePage" time="4.086" classname="cn.tsa.app.testscripts.TestObtainEvidenceFuntion"/>
  <testcase name="takePicture" time="10.942" classname="cn.tsa.app.testscripts.TestObtainEvidenceFuntion"/>
</testsuite> <!-- Default test -->
