<?xml version="1.0" encoding="UTF-8"?>
<!-- Generated by org.testng.reporters.JUnitXMLReporter -->
<testsuite hostname="unitrust-PC" ignored="0" name="Regression1" tests="13" failures="0" timestamp="13 八月 2018 01:58:36 GMT" time="183.253" errors="0">
  <testcase name="loginWithWrongPwd" time="14.942" classname="cn.tsa.app.testscripts.TestLoginFunction"/>
  <testcase name="loginWithUnregisteredAct" time="19.939" classname="cn.tsa.app.testscripts.TestLoginFunction"/>
  <testcase name="LoginWithCorrectInfo" time="18.154" classname="cn.tsa.app.testscripts.TestLoginFunction"/>
  <testcase name="loadRegisterPage" time="1.267" classname="cn.tsa.app.testscripts.TestRegisterFunction"/>
  <testcase name="checkRegisterPhone" time="5.902" classname="cn.tsa.app.testscripts.TestRegisterFunction"/>
  <testcase name="checkRegisterCodeBtn" time="14.605" classname="cn.tsa.app.testscripts.TestRegisterFunction"/>
  <testcase name="checkRegisterCodeText" time="6.217" classname="cn.tsa.app.testscripts.TestRegisterFunction"/>
  <testcase name="checkRegisterPwd" time="12.417" classname="cn.tsa.app.testscripts.TestRegisterFunction"/>
  <testcase name="checkRegisterNum" time="7.436" classname="cn.tsa.app.testscripts.TestRegisterFunction"/>
  <testcase name="checkProtocolBox" time="1.976" classname="cn.tsa.app.testscripts.TestRegisterFunction"/>
  <testcase name="backLoginPage" time="3.264" classname="cn.tsa.app.testscripts.TestRegisterFunction"/>
  <testcase name="loadUsageProtocolPage" time="15.78" classname="cn.tsa.app.testscripts.TestRegisterFunction"/>
  <testcase name="loadPrivacyProtocolPage" time="14.01" classname="cn.tsa.app.testscripts.TestRegisterFunction"/>
</testsuite> <!-- Regression1 -->
