<?xml version="1.0" encoding="UTF-8"?>
<!-- Generated by org.testng.reporters.JUnitXMLReporter -->
<testsuite hostname="unitrust-PC" ignored="0" name="Regression1" tests="13" failures="0" timestamp="05 九月 2018 00:36:01 GMT" time="193.261" errors="0">
  <testcase name="loginWithWrongPwd" time="15.089" classname="cn.tsa.app.testscripts.TestLoginFunction"/>
  <testcase name="loginWithUnregisteredAct" time="19.678" classname="cn.tsa.app.testscripts.TestLoginFunction"/>
  <testcase name="LoginWithCorrectInfo" time="17.959" classname="cn.tsa.app.testscripts.TestLoginFunction"/>
  <testcase name="loadRegisterPage" time="1.388" classname="cn.tsa.app.testscripts.TestRegisterFunction"/>
  <testcase name="checkRegisterPhone" time="5.745" classname="cn.tsa.app.testscripts.TestRegisterFunction"/>
  <testcase name="checkRegisterCodeBtn" time="14.554" classname="cn.tsa.app.testscripts.TestRegisterFunction"/>
  <testcase name="checkRegisterCodeText" time="6.212" classname="cn.tsa.app.testscripts.TestRegisterFunction"/>
  <testcase name="checkRegisterPwd" time="12.325" classname="cn.tsa.app.testscripts.TestRegisterFunction"/>
  <testcase name="checkRegisterNum" time="6.72" classname="cn.tsa.app.testscripts.TestRegisterFunction"/>
  <testcase name="checkProtocolBox" time="2.83" classname="cn.tsa.app.testscripts.TestRegisterFunction"/>
  <testcase name="backLoginPage" time="3.285" classname="cn.tsa.app.testscripts.TestRegisterFunction"/>
  <testcase name="loadUsageProtocolPage" time="16.379" classname="cn.tsa.app.testscripts.TestRegisterFunction"/>
  <testcase name="loadPrivacyProtocolPage" time="14.241" classname="cn.tsa.app.testscripts.TestRegisterFunction"/>
</testsuite> <!-- Regression1 -->
